1506419137030	geckodriver	INFO	geckodriver 0.18.0
1506419137035	geckodriver	INFO	Listening on 127.0.0.1:55771
1506419139022	geckodriver::marionette	INFO	Starting browser C:\Program Files (x86)\Mozilla Firefox\firefox.exe with args ["-marionette"]
1506419139157	addons.manager	DEBUG	Application has been upgraded
1506419139174	addons.manager	DEBUG	Loaded provider scope for resource://gre/modules/addons/XPIProvider.jsm: ["XPIProvider", "XPIInternal"]
1506419139177	addons.manager	DEBUG	Loaded provider scope for resource://gre/modules/LightweightThemeManager.jsm: ["LightweightThemeManager"]
1506419139198	addons.manager	DEBUG	Loaded provider scope for resource://gre/modules/addons/GMPProvider.jsm
1506419139200	addons.manager	DEBUG	Loaded provider scope for resource://gre/modules/addons/PluginProvider.jsm
1506419139201	addons.manager	DEBUG	Starting provider: XPIProvider
1506419139201	addons.xpi	DEBUG	startup
1506419139201	addons.xpi	INFO	SystemAddonInstallLocation directory is missing
1506419139201	addons.xpi	INFO	Removing all system add-on upgrades.
1506419139202	addons.xpi	DEBUG	checkForChanges
1506419139203	addons.xpi	WARN	Error parsing extensions state: [Exception... "Component returned failure code: 0x80520012 (NS_ERROR_FILE_NOT_FOUND) [amIAddonManagerStartup.readStartupData]"  nsresult: "0x80520012 (NS_ERROR_FILE_NOT_FOUND)"  location: "JS frame :: resource://gre/modules/addons/XPIProvider.jsm :: loadExtensionState :: line 1596"  data: no] Stack trace: loadExtensionState()@resource://gre/modules/addons/XPIProvider.jsm:1596 < getInstallState()@resource://gre/modules/addons/XPIProvider.jsm:1631 < checkForChanges()@resource://gre/modules/addons/XPIProvider.jsm:3152 < startup()@resource://gre/modules/addons/XPIProvider.jsm:2246 < callProvider()@resource://gre/modules/AddonManager.jsm:271 < _startProvider()@resource://gre/modules/AddonManager.jsm:741 < startup()@resource://gre/modules/AddonManager.jsm:908 < startup()@resource://gre/modules/AddonManager.jsm:3122 < observe()@jar:file:///C:/Program%20Files%20(x86)/Mozilla%20Firefox/omni.ja!/components/addonManager.js:65
1506419139204	addons.xpi	DEBUG	Loaded add-on state: ${}
1506419139205	addons.xpi	INFO	Mapping aushelper@mozilla.org to C:\Program Files (x86)\Mozilla Firefox\browser\features\aushelper@mozilla.org.xpi
1506419139205	addons.xpi	INFO	Mapping clicktoplay-rollout@mozilla.org to C:\Program Files (x86)\Mozilla Firefox\browser\features\clicktoplay-rollout@mozilla.org.xpi
1506419139205	addons.xpi	INFO	Mapping e10srollout@mozilla.org to C:\Program Files (x86)\Mozilla Firefox\browser\features\e10srollout@mozilla.org.xpi
1506419139205	addons.xpi	INFO	Mapping firefox@getpocket.com to C:\Program Files (x86)\Mozilla Firefox\browser\features\firefox@getpocket.com.xpi
1506419139205	addons.xpi	INFO	Mapping followonsearch@mozilla.com to C:\Program Files (x86)\Mozilla Firefox\browser\features\followonsearch@mozilla.com.xpi
1506419139206	addons.xpi	INFO	Mapping screenshots@mozilla.org to C:\Program Files (x86)\Mozilla Firefox\browser\features\screenshots@mozilla.org.xpi
1506419139206	addons.xpi	INFO	Mapping shield-recipe-client@mozilla.org to C:\Program Files (x86)\Mozilla Firefox\browser\features\shield-recipe-client@mozilla.org.xpi
1506419139206	addons.xpi	INFO	Mapping webcompat@mozilla.org to C:\Program Files (x86)\Mozilla Firefox\browser\features\webcompat@mozilla.org.xpi
1506419139206	addons.xpi	DEBUG	New add-on aushelper@mozilla.org in app-system-defaults
1506419139207	addons.xpi	INFO	Mapping aushelper@mozilla.org to C:\Program Files (x86)\Mozilla Firefox\browser\features\aushelper@mozilla.org.xpi
1506419139207	addons.xpi	DEBUG	New add-on clicktoplay-rollout@mozilla.org in app-system-defaults
1506419139207	addons.xpi	INFO	Mapping clicktoplay-rollout@mozilla.org to C:\Program Files (x86)\Mozilla Firefox\browser\features\clicktoplay-rollout@mozilla.org.xpi
1506419139208	addons.xpi	DEBUG	New add-on e10srollout@mozilla.org in app-system-defaults
1506419139208	addons.xpi	INFO	Mapping e10srollout@mozilla.org to C:\Program Files (x86)\Mozilla Firefox\browser\features\e10srollout@mozilla.org.xpi
1506419139208	addons.xpi	DEBUG	New add-on firefox@getpocket.com in app-system-defaults
1506419139208	addons.xpi	INFO	Mapping firefox@getpocket.com to C:\Program Files (x86)\Mozilla Firefox\browser\features\firefox@getpocket.com.xpi
1506419139208	addons.xpi	DEBUG	New add-on followonsearch@mozilla.com in app-system-defaults
1506419139209	addons.xpi	INFO	Mapping followonsearch@mozilla.com to C:\Program Files (x86)\Mozilla Firefox\browser\features\followonsearch@mozilla.com.xpi
1506419139209	addons.xpi	DEBUG	New add-on screenshots@mozilla.org in app-system-defaults
1506419139209	addons.xpi	INFO	Mapping screenshots@mozilla.org to C:\Program Files (x86)\Mozilla Firefox\browser\features\screenshots@mozilla.org.xpi
1506419139209	addons.xpi	DEBUG	New add-on shield-recipe-client@mozilla.org in app-system-defaults
1506419139209	addons.xpi	INFO	Mapping shield-recipe-client@mozilla.org to C:\Program Files (x86)\Mozilla Firefox\browser\features\shield-recipe-client@mozilla.org.xpi
1506419139209	addons.xpi	DEBUG	New add-on webcompat@mozilla.org in app-system-defaults
1506419139209	addons.xpi	INFO	Mapping webcompat@mozilla.org to C:\Program Files (x86)\Mozilla Firefox\browser\features\webcompat@mozilla.org.xpi
1506419139210	addons.xpi	INFO	Mapping {972ce4c6-7e08-4474-a285-3208198ce6fd} to C:\Program Files (x86)\Mozilla Firefox\browser\extensions\{972ce4c6-7e08-4474-a285-3208198ce6fd}.xpi
1506419139210	addons.xpi	DEBUG	New add-on {972ce4c6-7e08-4474-a285-3208198ce6fd} in app-global
1506419139210	addons.xpi	INFO	Mapping {972ce4c6-7e08-4474-a285-3208198ce6fd} to C:\Program Files (x86)\Mozilla Firefox\browser\extensions\{972ce4c6-7e08-4474-a285-3208198ce6fd}.xpi
1506419139210	addons.xpi	DEBUG	getInstallState changed: true, state: {}
1506419139210	addons.xpi	INFO	SystemAddonInstallLocation directory is missing
1506419139216	addons.xpi-utils	DEBUG	Opening XPI database C:\Users\XYZ\AppData\Local\Temp\rust_mozprofile.JFGzIqHDekMI\extensions.json
1506419139217	addons.xpi-utils	DEBUG	New add-on aushelper@mozilla.org installed in app-system-defaults
*** Blocklist::_loadBlocklistFromFile: blocklist is disabled
1506419139236	DeferredSave.extensions.json	DEBUG	Save changes
1506419139237	addons.xpi-utils	DEBUG	New add-on clicktoplay-rollout@mozilla.org installed in app-system-defaults
1506419139239	DeferredSave.extensions.json	DEBUG	Starting timer
1506419139240	DeferredSave.extensions.json	DEBUG	Save changes
1506419139240	addons.xpi-utils	DEBUG	New add-on e10srollout@mozilla.org installed in app-system-defaults
1506419139242	DeferredSave.extensions.json	DEBUG	Save changes
1506419139243	addons.xpi-utils	DEBUG	New add-on firefox@getpocket.com installed in app-system-defaults
1506419139246	DeferredSave.extensions.json	DEBUG	Save changes
1506419139246	addons.xpi-utils	DEBUG	New add-on followonsearch@mozilla.com installed in app-system-defaults
1506419139247	DeferredSave.extensions.json	DEBUG	Save changes
1506419139248	addons.xpi-utils	DEBUG	New add-on screenshots@mozilla.org installed in app-system-defaults
1506419139252	DeferredSave.extensions.json	DEBUG	Save changes
1506419139252	addons.xpi-utils	DEBUG	New add-on shield-recipe-client@mozilla.org installed in app-system-defaults
1506419139255	DeferredSave.extensions.json	DEBUG	Save changes
1506419139255	addons.xpi-utils	DEBUG	New add-on webcompat@mozilla.org installed in app-system-defaults
1506419139257	DeferredSave.extensions.json	DEBUG	Save changes
1506419139257	addons.xpi-utils	DEBUG	New add-on {972ce4c6-7e08-4474-a285-3208198ce6fd} installed in app-global
1506419139259	DeferredSave.extensions.json	DEBUG	Save changes
1506419139259	addons.manager	DEBUG	Registering startup change 'installed' for aushelper@mozilla.org
1506419139267	addons.xpi	DEBUG	Loading bootstrap scope from C:\Program Files (x86)\Mozilla Firefox\browser\features\aushelper@mozilla.org.xpi
1506419139269	addons.xpi	DEBUG	Calling bootstrap method install on aushelper@mozilla.org version 2.0
1506419139269	addons.xpi-utils	DEBUG	Make addon app-system-defaults:aushelper@mozilla.org visible
1506419139269	addons.xpi	DEBUG	Updating XPIState for {"id":"aushelper@mozilla.org","syncGUID":"{9f09548a-22b2-427d-9711-1883268d585d}","location":"app-system-defaults","version":"2.0","type":"extension","internalName":null,"updateURL":null,"updateKey":null,"optionsURL":null,"optionsType":null,"aboutURL":null,"defaultLocale":{"name":"Application Update Service Helper","description":"Sets value(s) in the update url based on custom checks.","creator":null,"homepageURL":null},"visible":true,"active":false,"userDisabled":false,"appDisabled":false,"installDate":1503889576401,"updateDate":1503889576401,"applyBackgroundUpdates":1,"bootstrap":true,"path":"C:\\Program Files (x86)\\Mozilla Firefox\\browser\\features\\aushelper@mozilla.org.xpi","skinnable":false,"size":8488,"sourceURI":null,"releaseNotesURI":null,"softDisabled":false,"foreignInstall":false,"hasBinaryComponents":false,"strictCompatibility":false,"locales":[],"targetApplications":[{"id":"{ec8030f7-c20a-464f-9b0e-13a3a9e97384}","minVersion":"55.0.3","maxVersion":"55.*"}],"targetPlatforms":[],"multiprocessCompatible":true,"seen":true,"dependencies":[],"hasEmbeddedWebExtension":false,"mpcOptedOut":false,"userPermissions":null,"icons":{},"iconURL":null,"icon64URL":null}
1506419139271	DeferredSave.extensions.json	DEBUG	Save changes
1506419139271	addons.manager	DEBUG	Registering startup change 'installed' for clicktoplay-rollout@mozilla.org
1506419139272	addons.xpi	DEBUG	Loading bootstrap scope from C:\Program Files (x86)\Mozilla Firefox\browser\features\clicktoplay-rollout@mozilla.org.xpi
1506419139280	addons.xpi	DEBUG	Calling bootstrap method install on clicktoplay-rollout@mozilla.org version 1.2
1506419139280	addons.xpi-utils	DEBUG	Make addon app-system-defaults:clicktoplay-rollout@mozilla.org visible
1506419139281	addons.xpi	DEBUG	Updating XPIState for {"id":"clicktoplay-rollout@mozilla.org","syncGUID":"{006f5866-730d-4daa-b576-53cc7247f323}","location":"app-system-defaults","version":"1.2","type":"extension","internalName":null,"updateURL":null,"updateKey":null,"optionsURL":null,"optionsType":null,"aboutURL":null,"defaultLocale":{"name":"Click-to-Play staged rollout","description":"Staged rollout for Click-to-Play Flash.","creator":null,"homepageURL":null},"visible":true,"active":false,"userDisabled":false,"appDisabled":false,"installDate":1503889576400,"updateDate":1503889576400,"applyBackgroundUpdates":1,"bootstrap":true,"path":"C:\\Program Files (x86)\\Mozilla Firefox\\browser\\features\\clicktoplay-rollout@mozilla.org.xpi","skinnable":false,"size":5621,"sourceURI":null,"releaseNotesURI":null,"softDisabled":false,"foreignInstall":false,"hasBinaryComponents":false,"strictCompatibility":false,"locales":[],"targetApplications":[{"id":"{ec8030f7-c20a-464f-9b0e-13a3a9e97384}","minVersion":"55.0.3","maxVersion":"55.*"}],"targetPlatforms":[],"multiprocessCompatible":true,"seen":true,"dependencies":[],"hasEmbeddedWebExtension":false,"mpcOptedOut":false,"userPermissions":null,"icons":{},"iconURL":null,"icon64URL":null}
1506419139281	DeferredSave.extensions.json	DEBUG	Save changes
1506419139281	addons.manager	DEBUG	Registering startup change 'installed' for e10srollout@mozilla.org
1506419139281	addons.xpi	DEBUG	Loading bootstrap scope from C:\Program Files (x86)\Mozilla Firefox\browser\features\e10srollout@mozilla.org.xpi
1506419139283	addons.xpi	DEBUG	Calling bootstrap method install on e10srollout@mozilla.org version 2.0
1506419139284	addons.xpi-utils	DEBUG	Make addon app-system-defaults:e10srollout@mozilla.org visible
1506419139284	addons.xpi	DEBUG	Updating XPIState for {"id":"e10srollout@mozilla.org","syncGUID":"{33bab086-2549-4c39-a940-f16ad7e932eb}","location":"app-system-defaults","version":"2.0","type":"extension","internalName":null,"updateURL":null,"updateKey":null,"optionsURL":null,"optionsType":null,"aboutURL":null,"defaultLocale":{"name":"Multi-process staged rollout","description":"Staged rollout of Firefox multi-process feature.","creator":null,"homepageURL":null},"visible":true,"active":false,"userDisabled":false,"appDisabled":false,"installDate":1503889576399,"updateDate":1503889576399,"applyBackgroundUpdates":1,"bootstrap":true,"path":"C:\\Program Files (x86)\\Mozilla Firefox\\browser\\features\\e10srollout@mozilla.org.xpi","skinnable":false,"size":13287,"sourceURI":null,"releaseNotesURI":null,"softDisabled":false,"foreignInstall":false,"hasBinaryComponents":false,"strictCompatibility":false,"locales":[],"targetApplications":[{"id":"{ec8030f7-c20a-464f-9b0e-13a3a9e97384}","minVersion":"55.0.3","maxVersion":"55.*"}],"targetPlatforms":[],"multiprocessCompatible":true,"seen":true,"dependencies":[],"hasEmbeddedWebExtension":false,"mpcOptedOut":false,"userPermissions":null,"icons":{},"iconURL":null,"icon64URL":null}
1506419139284	DeferredSave.extensions.json	DEBUG	Save changes
1506419139285	addons.manager	DEBUG	Registering startup change 'installed' for firefox@getpocket.com
1506419139285	addons.xpi	DEBUG	Loading bootstrap scope from C:\Program Files (x86)\Mozilla Firefox\browser\features\firefox@getpocket.com.xpi
1506419139289	addons.xpi	DEBUG	Calling bootstrap method install on firefox@getpocket.com version 1.0.5
1506419139289	addons.xpi-utils	DEBUG	Make addon app-system-defaults:firefox@getpocket.com visible
1506419139289	addons.xpi	DEBUG	Updating XPIState for {"id":"firefox@getpocket.com","syncGUID":"{ddc1b7ab-9286-41cc-b9ab-0a8b69b10d39}","location":"app-system-defaults","version":"1.0.5","type":"extension","internalName":null,"updateURL":null,"updateKey":null,"optionsURL":null,"optionsType":null,"aboutURL":null,"defaultLocale":{"name":"Pocket","description":"When you find something you want to view later, put it in Pocket.","creator":null,"homepageURL":null},"visible":true,"active":false,"userDisabled":false,"appDisabled":false,"installDate":1503889576398,"updateDate":1503889576398,"applyBackgroundUpdates":1,"bootstrap":true,"path":"C:\\Program Files (x86)\\Mozilla Firefox\\browser\\features\\firefox@getpocket.com.xpi","skinnable":false,"size":863063,"sourceURI":null,"releaseNotesURI":null,"softDisabled":false,"foreignInstall":false,"hasBinaryComponents":false,"strictCompatibility":false,"locales":[],"targetApplications":[{"id":"{ec8030f7-c20a-464f-9b0e-13a3a9e97384}","minVersion":"55.0.3","maxVersion":"55.*"}],"targetPlatforms":[],"multiprocessCompatible":true,"seen":true,"dependencies":[],"hasEmbeddedWebExtension":false,"mpcOptedOut":false,"userPermissions":null,"icons":{},"iconURL":null,"icon64URL":null}
1506419139289	DeferredSave.extensions.json	DEBUG	Save changes
1506419139289	addons.manager	DEBUG	Registering startup change 'installed' for followonsearch@mozilla.com
1506419139290	addons.xpi	DEBUG	Loading bootstrap scope from C:\Program Files (x86)\Mozilla Firefox\browser\features\followonsearch@mozilla.com.xpi
1506419139291	addons.xpi	DEBUG	Calling bootstrap method install on followonsearch@mozilla.com version 0.9.1
1506419139291	addons.xpi-utils	DEBUG	Make addon app-system-defaults:followonsearch@mozilla.com visible
1506419139291	addons.xpi	DEBUG	Updating XPIState for {"id":"followonsearch@mozilla.com","syncGUID":"{14ae2a77-1793-41d4-8102-6b91868c4f1d}","location":"app-system-defaults","version":"0.9.1","type":"extension","internalName":null,"updateURL":null,"updateKey":null,"optionsURL":null,"optionsType":null,"aboutURL":null,"defaultLocale":{"name":"Follow-on Search Telemetry","description":null,"creator":null,"homepageURL":null},"visible":true,"active":false,"userDisabled":false,"appDisabled":false,"installDate":1502869635877,"updateDate":1502869635877,"applyBackgroundUpdates":1,"bootstrap":true,"path":"C:\\Program Files (x86)\\Mozilla Firefox\\browser\\features\\followonsearch@mozilla.com.xpi","skinnable":false,"size":16730,"sourceURI":null,"releaseNotesURI":null,"softDisabled":false,"foreignInstall":false,"hasBinaryComponents":false,"strictCompatibility":false,"locales":[],"targetApplications":[{"id":"{ec8030f7-c20a-464f-9b0e-13a3a9e97384}","minVersion":"52.0","maxVersion":"59.*"}],"targetPlatforms":[],"multiprocessCompatible":true,"seen":true,"dependencies":[],"hasEmbeddedWebExtension":false,"mpcOptedOut":false,"userPermissions":null,"icons":{},"iconURL":null,"icon64URL":null}
1506419139292	DeferredSave.extensions.json	DEBUG	Save changes
1506419139292	addons.manager	DEBUG	Registering startup change 'installed' for screenshots@mozilla.org
1506419139292	addons.xpi	DEBUG	Loading bootstrap scope from C:\Program Files (x86)\Mozilla Firefox\browser\features\screenshots@mozilla.org.xpi
1506419139295	addons.xpi	DEBUG	Calling bootstrap method install on screenshots@mozilla.org version 10.12.0
1506419139295	addons.xpi-utils	DEBUG	Make addon app-system-defaults:screenshots@mozilla.org visible
1506419139295	addons.xpi	DEBUG	Updating XPIState for {"id":"screenshots@mozilla.org","syncGUID":"{b4017eb8-f17f-4a7e-a86f-cafd9d738356}","location":"app-system-defaults","version":"10.12.0","type":"extension","internalName":null,"updateURL":null,"updateKey":null,"optionsURL":null,"optionsType":null,"aboutURL":null,"defaultLocale":{"name":"Firefox Screenshots","description":null,"creator":null,"homepageURL":"https://pageshot.net/"},"visible":true,"active":false,"userDisabled":false,"appDisabled":false,"installDate":1503889576390,"updateDate":1503889576390,"applyBackgroundUpdates":1,"bootstrap":true,"path":"C:\\Program Files (x86)\\Mozilla Firefox\\browser\\features\\screenshots@mozilla.org.xpi","skinnable":false,"size":714554,"sourceURI":null,"releaseNotesURI":null,"softDisabled":false,"foreignInstall":false,"hasBinaryComponents":false,"strictCompatibility":false,"locales":[],"targetApplications":[{"id":"{ec8030f7-c20a-464f-9b0e-13a3a9e97384}","minVersion":"51.0a1","maxVersion":"*"}],"targetPlatforms":[],"multiprocessCompatible":true,"seen":true,"dependencies":[],"hasEmbeddedWebExtension":false,"mpcOptedOut":false,"userPermissions":null,"icons":{},"iconURL":null,"icon64URL":null}
1506419139295	DeferredSave.extensions.json	DEBUG	Save changes
1506419139296	addons.manager	DEBUG	Registering startup change 'installed' for shield-recipe-client@mozilla.org
1506419139296	addons.xpi	DEBUG	Loading bootstrap scope from C:\Program Files (x86)\Mozilla Firefox\browser\features\shield-recipe-client@mozilla.org.xpi
1506419139297	addons.xpi	DEBUG	Calling bootstrap method install on shield-recipe-client@mozilla.org version 55.1
1506419139297	addons.xpi-utils	DEBUG	Make addon app-system-defaults:shield-recipe-client@mozilla.org visible
1506419139298	addons.xpi	DEBUG	Updating XPIState for {"id":"shield-recipe-client@mozilla.org","syncGUID":"{0070f006-f7b7-44b6-bfbf-286eb741d6bb}","location":"app-system-defaults","version":"55.1","type":"extension","internalName":null,"updateURL":null,"updateKey":null,"optionsURL":null,"optionsType":null,"aboutURL":null,"defaultLocale":{"name":"Shield Recipe Client","description":"Client to download and run recipes for SHIELD, Heartbeat, etc.","creator":null,"homepageURL":null},"visible":true,"active":false,"userDisabled":false,"appDisabled":false,"installDate":1503889576368,"updateDate":1503889576368,"applyBackgroundUpdates":1,"bootstrap":true,"path":"C:\\Program Files (x86)\\Mozilla Firefox\\browser\\features\\shield-recipe-client@mozilla.org.xpi","skinnable":false,"size":140305,"sourceURI":null,"releaseNotesURI":null,"softDisabled":false,"foreignInstall":false,"hasBinaryComponents":false,"strictCompatibility":false,"locales":[],"targetApplications":[{"id":"{ec8030f7-c20a-464f-9b0e-13a3a9e97384}","minVersion":"55.0.3","maxVersion":"55.*"}],"targetPlatforms":[],"multiprocessCompatible":true,"seen":true,"dependencies":[],"hasEmbeddedWebExtension":false,"mpcOptedOut":false,"userPermissions":null,"icons":{},"iconURL":null,"icon64URL":null}
1506419139298	DeferredSave.extensions.json	DEBUG	Save changes
1506419139298	addons.manager	DEBUG	Registering startup change 'installed' for webcompat@mozilla.org
1506419139299	addons.xpi	DEBUG	Loading bootstrap scope from C:\Program Files (x86)\Mozilla Firefox\browser\features\webcompat@mozilla.org.xpi
1506419139300	addons.xpi	DEBUG	Calling bootstrap method install on webcompat@mozilla.org version 1.1
1506419139300	addons.xpi-utils	DEBUG	Make addon app-system-defaults:webcompat@mozilla.org visible
1506419139300	addons.xpi	DEBUG	Updating XPIState for {"id":"webcompat@mozilla.org","syncGUID":"{14fbe380-dd44-4843-b500-a6eacc57fb99}","location":"app-system-defaults","version":"1.1","type":"extension","internalName":null,"updateURL":null,"updateKey":null,"optionsURL":null,"optionsType":null,"aboutURL":null,"defaultLocale":{"name":"Web Compat","description":"Urgent post-release fixes for web compatibility.","creator":null,"homepageURL":null},"visible":true,"active":false,"userDisabled":false,"appDisabled":false,"installDate":1503889576366,"updateDate":1503889576366,"applyBackgroundUpdates":1,"bootstrap":true,"path":"C:\\Program Files (x86)\\Mozilla Firefox\\browser\\features\\webcompat@mozilla.org.xpi","skinnable":false,"size":8992,"sourceURI":null,"releaseNotesURI":null,"softDisabled":false,"foreignInstall":false,"hasBinaryComponents":false,"strictCompatibility":false,"locales":[],"targetApplications":[{"id":"{ec8030f7-c20a-464f-9b0e-13a3a9e97384}","minVersion":"55.0.3","maxVersion":"55.*"}],"targetPlatforms":[],"multiprocessCompatible":true,"seen":true,"dependencies":[],"hasEmbeddedWebExtension":false,"mpcOptedOut":false,"userPermissions":null,"icons":{},"iconURL":null,"icon64URL":null}
1506419139300	DeferredSave.extensions.json	DEBUG	Save changes
1506419139301	addons.xpi-utils	DEBUG	Make addon app-global:{972ce4c6-7e08-4474-a285-3208198ce6fd} visible
1506419139301	addons.xpi	DEBUG	Updating XPIState for {"id":"{972ce4c6-7e08-4474-a285-3208198ce6fd}","syncGUID":"{909b3339-7385-4819-a068-cd533e26f84f}","location":"app-global","version":"55.0.3","type":"theme","internalName":"classic/1.0","updateURL":null,"updateKey":null,"optionsURL":null,"optionsType":null,"optionsBrowserStyle":null,"aboutURL":null,"defaultLocale":{"name":"Default","description":"The default theme.","creator":"Mozilla","homepageURL":null,"contributors":["Mozilla Contributors"]},"visible":true,"active":false,"userDisabled":false,"appDisabled":false,"installDate":1503889576402,"updateDate":1503889576402,"applyBackgroundUpdates":1,"path":"C:\\Program Files (x86)\\Mozilla Firefox\\browser\\extensions\\{972ce4c6-7e08-4474-a285-3208198ce6fd}.xpi","skinnable":true,"size":7559,"sourceURI":null,"releaseNotesURI":null,"softDisabled":false,"foreignInstall":false,"hasBinaryComponents":false,"strictCompatibility":true,"locales":[],"targetApplications":[{"id":"{ec8030f7-c20a-464f-9b0e-13a3a9e97384}","minVersion":"55.0.3","maxVersion":"55.0.3"}],"targetPlatforms":[],"seen":true,"dependencies":[],"hasEmbeddedWebExtension":false,"userPermissions":null,"icons":{},"iconURL":"chrome://browser/content/default-theme-icon.svg","icon64URL":null}
1506419139301	DeferredSave.extensions.json	DEBUG	Save changes
1506419139301	addons.xpi	DEBUG	Updating XPIState for {"id":"aushelper@mozilla.org","syncGUID":"{9f09548a-22b2-427d-9711-1883268d585d}","location":"app-system-defaults","version":"2.0","type":"extension","internalName":null,"updateURL":null,"updateKey":null,"optionsURL":null,"optionsType":null,"aboutURL":null,"defaultLocale":{"name":"Application Update Service Helper","description":"Sets value(s) in the update url based on custom checks.","creator":null,"homepageURL":null},"visible":true,"active":true,"userDisabled":false,"appDisabled":false,"installDate":1503889576401,"updateDate":1503889576401,"applyBackgroundUpdates":1,"bootstrap":true,"path":"C:\\Program Files (x86)\\Mozilla Firefox\\browser\\features\\aushelper@mozilla.org.xpi","skinnable":false,"size":8488,"sourceURI":null,"releaseNotesURI":null,"softDisabled":false,"foreignInstall":false,"hasBinaryComponents":false,"strictCompatibility":false,"locales":[],"targetApplications":[{"id":"{ec8030f7-c20a-464f-9b0e-13a3a9e97384}","minVersion":"55.0.3","maxVersion":"55.*"}],"targetPlatforms":[],"multiprocessCompatible":true,"seen":true,"dependencies":[],"hasEmbeddedWebExtension":false,"mpcOptedOut":false,"userPermissions":null,"icons":{},"iconURL":null,"icon64URL":null}
1506419139302	addons.xpi	DEBUG	Updating XPIState for {"id":"clicktoplay-rollout@mozilla.org","syncGUID":"{006f5866-730d-4daa-b576-53cc7247f323}","location":"app-system-defaults","version":"1.2","type":"extension","internalName":null,"updateURL":null,"updateKey":null,"optionsURL":null,"optionsType":null,"aboutURL":null,"defaultLocale":{"name":"Click-to-Play staged rollout","description":"Staged rollout for Click-to-Play Flash.","creator":null,"homepageURL":null},"visible":true,"active":true,"userDisabled":false,"appDisabled":false,"installDate":1503889576400,"updateDate":1503889576400,"applyBackgroundUpdates":1,"bootstrap":true,"path":"C:\\Program Files (x86)\\Mozilla Firefox\\browser\\features\\clicktoplay-rollout@mozilla.org.xpi","skinnable":false,"size":5621,"sourceURI":null,"releaseNotesURI":null,"softDisabled":false,"foreignInstall":false,"hasBinaryComponents":false,"strictCompatibility":false,"locales":[],"targetApplications":[{"id":"{ec8030f7-c20a-464f-9b0e-13a3a9e97384}","minVersion":"55.0.3","maxVersion":"55.*"}],"targetPlatforms":[],"multiprocessCompatible":true,"seen":true,"dependencies":[],"hasEmbeddedWebExtension":false,"mpcOptedOut":false,"userPermissions":null,"icons":{},"iconURL":null,"icon64URL":null}
1506419139302	addons.xpi	DEBUG	Updating XPIState for {"id":"e10srollout@mozilla.org","syncGUID":"{33bab086-2549-4c39-a940-f16ad7e932eb}","location":"app-system-defaults","version":"2.0","type":"extension","internalName":null,"updateURL":null,"updateKey":null,"optionsURL":null,"optionsType":null,"aboutURL":null,"defaultLocale":{"name":"Multi-process staged rollout","description":"Staged rollout of Firefox multi-process feature.","creator":null,"homepageURL":null},"visible":true,"active":true,"userDisabled":false,"appDisabled":false,"installDate":1503889576399,"updateDate":1503889576399,"applyBackgroundUpdates":1,"bootstrap":true,"path":"C:\\Program Files (x86)\\Mozilla Firefox\\browser\\features\\e10srollout@mozilla.org.xpi","skinnable":false,"size":13287,"sourceURI":null,"releaseNotesURI":null,"softDisabled":false,"foreignInstall":false,"hasBinaryComponents":false,"strictCompatibility":false,"locales":[],"targetApplications":[{"id":"{ec8030f7-c20a-464f-9b0e-13a3a9e97384}","minVersion":"55.0.3","maxVersion":"55.*"}],"targetPlatforms":[],"multiprocessCompatible":true,"seen":true,"dependencies":[],"hasEmbeddedWebExtension":false,"mpcOptedOut":false,"userPermissions":null,"icons":{},"iconURL":null,"icon64URL":null}
1506419139302	addons.xpi	DEBUG	Updating XPIState for {"id":"firefox@getpocket.com","syncGUID":"{ddc1b7ab-9286-41cc-b9ab-0a8b69b10d39}","location":"app-system-defaults","version":"1.0.5","type":"extension","internalName":null,"updateURL":null,"updateKey":null,"optionsURL":null,"optionsType":null,"aboutURL":null,"defaultLocale":{"name":"Pocket","description":"When you find something you want to view later, put it in Pocket.","creator":null,"homepageURL":null},"visible":true,"active":true,"userDisabled":false,"appDisabled":false,"installDate":1503889576398,"updateDate":1503889576398,"applyBackgroundUpdates":1,"bootstrap":true,"path":"C:\\Program Files (x86)\\Mozilla Firefox\\browser\\features\\firefox@getpocket.com.xpi","skinnable":false,"size":863063,"sourceURI":null,"releaseNotesURI":null,"softDisabled":false,"foreignInstall":false,"hasBinaryComponents":false,"strictCompatibility":false,"locales":[],"targetApplications":[{"id":"{ec8030f7-c20a-464f-9b0e-13a3a9e97384}","minVersion":"55.0.3","maxVersion":"55.*"}],"targetPlatforms":[],"multiprocessCompatible":true,"seen":true,"dependencies":[],"hasEmbeddedWebExtension":false,"mpcOptedOut":false,"userPermissions":null,"icons":{},"iconURL":null,"icon64URL":null}
1506419139302	addons.xpi	DEBUG	Updating XPIState for {"id":"followonsearch@mozilla.com","syncGUID":"{14ae2a77-1793-41d4-8102-6b91868c4f1d}","location":"app-system-defaults","version":"0.9.1","type":"extension","internalName":null,"updateURL":null,"updateKey":null,"optionsURL":null,"optionsType":null,"aboutURL":null,"defaultLocale":{"name":"Follow-on Search Telemetry","description":null,"creator":null,"homepageURL":null},"visible":true,"active":true,"userDisabled":false,"appDisabled":false,"installDate":1502869635877,"updateDate":1502869635877,"applyBackgroundUpdates":1,"bootstrap":true,"path":"C:\\Program Files (x86)\\Mozilla Firefox\\browser\\features\\followonsearch@mozilla.com.xpi","skinnable":false,"size":16730,"sourceURI":null,"releaseNotesURI":null,"softDisabled":false,"foreignInstall":false,"hasBinaryComponents":false,"strictCompatibility":false,"locales":[],"targetApplications":[{"id":"{ec8030f7-c20a-464f-9b0e-13a3a9e97384}","minVersion":"52.0","maxVersion":"59.*"}],"targetPlatforms":[],"multiprocessCompatible":true,"seen":true,"dependencies":[],"hasEmbeddedWebExtension":false,"mpcOptedOut":false,"userPermissions":null,"icons":{},"iconURL":null,"icon64URL":null}
1506419139303	addons.xpi	DEBUG	Updating XPIState for {"id":"screenshots@mozilla.org","syncGUID":"{b4017eb8-f17f-4a7e-a86f-cafd9d738356}","location":"app-system-defaults","version":"10.12.0","type":"extension","internalName":null,"updateURL":null,"updateKey":null,"optionsURL":null,"optionsType":null,"aboutURL":null,"defaultLocale":{"name":"Firefox Screenshots","description":null,"creator":null,"homepageURL":"https://pageshot.net/"},"visible":true,"active":true,"userDisabled":false,"appDisabled":false,"installDate":1503889576390,"updateDate":1503889576390,"applyBackgroundUpdates":1,"bootstrap":true,"path":"C:\\Program Files (x86)\\Mozilla Firefox\\browser\\features\\screenshots@mozilla.org.xpi","skinnable":false,"size":714554,"sourceURI":null,"releaseNotesURI":null,"softDisabled":false,"foreignInstall":false,"hasBinaryComponents":false,"strictCompatibility":false,"locales":[],"targetApplications":[{"id":"{ec8030f7-c20a-464f-9b0e-13a3a9e97384}","minVersion":"51.0a1","maxVersion":"*"}],"targetPlatforms":[],"multiprocessCompatible":true,"seen":true,"dependencies":[],"hasEmbeddedWebExtension":false,"mpcOptedOut":false,"userPermissions":null,"icons":{},"iconURL":null,"icon64URL":null}
1506419139303	addons.xpi	DEBUG	Updating XPIState for {"id":"shield-recipe-client@mozilla.org","syncGUID":"{0070f006-f7b7-44b6-bfbf-286eb741d6bb}","location":"app-system-defaults","version":"55.1","type":"extension","internalName":null,"updateURL":null,"updateKey":null,"optionsURL":null,"optionsType":null,"aboutURL":null,"defaultLocale":{"name":"Shield Recipe Client","description":"Client to download and run recipes for SHIELD, Heartbeat, etc.","creator":null,"homepageURL":null},"visible":true,"active":true,"userDisabled":false,"appDisabled":false,"installDate":1503889576368,"updateDate":1503889576368,"applyBackgroundUpdates":1,"bootstrap":true,"path":"C:\\Program Files (x86)\\Mozilla Firefox\\browser\\features\\shield-recipe-client@mozilla.org.xpi","skinnable":false,"size":140305,"sourceURI":null,"releaseNotesURI":null,"softDisabled":false,"foreignInstall":false,"hasBinaryComponents":false,"strictCompatibility":false,"locales":[],"targetApplications":[{"id":"{ec8030f7-c20a-464f-9b0e-13a3a9e97384}","minVersion":"55.0.3","maxVersion":"55.*"}],"targetPlatforms":[],"multiprocessCompatible":true,"seen":true,"dependencies":[],"hasEmbeddedWebExtension":false,"mpcOptedOut":false,"userPermissions":null,"icons":{},"iconURL":null,"icon64URL":null}
1506419139303	addons.xpi	DEBUG	Updating XPIState for {"id":"webcompat@mozilla.org","syncGUID":"{14fbe380-dd44-4843-b500-a6eacc57fb99}","location":"app-system-defaults","version":"1.1","type":"extension","internalName":null,"updateURL":null,"updateKey":null,"optionsURL":null,"optionsType":null,"aboutURL":null,"defaultLocale":{"name":"Web Compat","description":"Urgent post-release fixes for web compatibility.","creator":null,"homepageURL":null},"visible":true,"active":true,"userDisabled":false,"appDisabled":false,"installDate":1503889576366,"updateDate":1503889576366,"applyBackgroundUpdates":1,"bootstrap":true,"path":"C:\\Program Files (x86)\\Mozilla Firefox\\browser\\features\\webcompat@mozilla.org.xpi","skinnable":false,"size":8992,"sourceURI":null,"releaseNotesURI":null,"softDisabled":false,"foreignInstall":false,"hasBinaryComponents":false,"strictCompatibility":false,"locales":[],"targetApplications":[{"id":"{ec8030f7-c20a-464f-9b0e-13a3a9e97384}","minVersion":"55.0.3","maxVersion":"55.*"}],"targetPlatforms":[],"multiprocessCompatible":true,"seen":true,"dependencies":[],"hasEmbeddedWebExtension":false,"mpcOptedOut":false,"userPermissions":null,"icons":{},"iconURL":null,"icon64URL":null}
1506419139303	addons.xpi	DEBUG	Updating XPIState for {"id":"{972ce4c6-7e08-4474-a285-3208198ce6fd}","syncGUID":"{909b3339-7385-4819-a068-cd533e26f84f}","location":"app-global","version":"55.0.3","type":"theme","internalName":"classic/1.0","updateURL":null,"updateKey":null,"optionsURL":null,"optionsType":null,"optionsBrowserStyle":null,"aboutURL":null,"defaultLocale":{"name":"Default","description":"The default theme.","creator":"Mozilla","homepageURL":null,"contributors":["Mozilla Contributors"]},"visible":true,"active":true,"userDisabled":false,"appDisabled":false,"installDate":1503889576402,"updateDate":1503889576402,"applyBackgroundUpdates":1,"path":"C:\\Program Files (x86)\\Mozilla Firefox\\browser\\extensions\\{972ce4c6-7e08-4474-a285-3208198ce6fd}.xpi","skinnable":true,"size":7559,"sourceURI":null,"releaseNotesURI":null,"softDisabled":false,"foreignInstall":false,"hasBinaryComponents":false,"strictCompatibility":true,"locales":[],"targetApplications":[{"id":"{ec8030f7-c20a-464f-9b0e-13a3a9e97384}","minVersion":"55.0.3","maxVersion":"55.0.3"}],"targetPlatforms":[],"seen":true,"dependencies":[],"hasEmbeddedWebExtension":false,"userPermissions":null,"icons":{},"iconURL":"chrome://browser/content/default-theme-icon.svg","icon64URL":null}
1506419139304	DeferredSave.extensions.json	DEBUG	Save changes
1506419139304	addons.xpi	DEBUG	Updating database with changes to installed add-ons
1506419139304	addons.xpi-utils	DEBUG	Updating add-on states
1506419139308	addons.xpi	DEBUG	Registering manifest for C:\Program Files (x86)\Mozilla Firefox\browser\features\aushelper@mozilla.org.xpi
1506419139309	addons.xpi	DEBUG	Calling bootstrap method startup on aushelper@mozilla.org version 2.0
1506419139310	addons.xpi	DEBUG	Registering manifest for C:\Program Files (x86)\Mozilla Firefox\browser\features\clicktoplay-rollout@mozilla.org.xpi
1506419139311	addons.xpi	DEBUG	Calling bootstrap method startup on clicktoplay-rollout@mozilla.org version 1.2
1506419139428	addons.xpi	DEBUG	Registering manifest for C:\Program Files (x86)\Mozilla Firefox\browser\features\e10srollout@mozilla.org.xpi
1506419139429	addons.xpi	DEBUG	Calling bootstrap method startup on e10srollout@mozilla.org version 2.0
1506419139429	addons.xpi	DEBUG	Registering manifest for C:\Program Files (x86)\Mozilla Firefox\browser\features\firefox@getpocket.com.xpi
1506419139429	addons.xpi	DEBUG	Calling bootstrap method startup on firefox@getpocket.com version 1.0.5
1506419139455	addons.xpi	DEBUG	Registering manifest for C:\Program Files (x86)\Mozilla Firefox\browser\features\followonsearch@mozilla.com.xpi
1506419139455	addons.xpi	DEBUG	Calling bootstrap method startup on followonsearch@mozilla.com version 0.9.1
1506419139455	addons.xpi	DEBUG	Registering manifest for C:\Program Files (x86)\Mozilla Firefox\browser\features\screenshots@mozilla.org.xpi
1506419139456	addons.xpi	DEBUG	Calling bootstrap method startup on screenshots@mozilla.org version 10.12.0
1506419139456	addons.xpi	DEBUG	Registering manifest for C:\Program Files (x86)\Mozilla Firefox\browser\features\shield-recipe-client@mozilla.org.xpi
1506419139456	addons.xpi	DEBUG	Calling bootstrap method startup on shield-recipe-client@mozilla.org version 55.1
1506419139462	addons.xpi	DEBUG	Registering manifest for C:\Program Files (x86)\Mozilla Firefox\browser\features\webcompat@mozilla.org.xpi
1506419139463	addons.xpi	DEBUG	Calling bootstrap method startup on webcompat@mozilla.org version 1.1
1506419139469	addons.manager	DEBUG	Registering shutdown blocker for XPIProvider
1506419139469	addons.manager	DEBUG	Provider finished startup: XPIProvider
1506419139469	addons.manager	DEBUG	Starting provider: LightweightThemeManager
1506419139469	addons.manager	DEBUG	Registering shutdown blocker for LightweightThemeManager
1506419139469	addons.manager	DEBUG	Provider finished startup: LightweightThemeManager
1506419139470	addons.manager	DEBUG	Starting provider: GMPProvider
1506419139473	addons.manager	DEBUG	Registering shutdown blocker for GMPProvider
1506419139473	addons.manager	DEBUG	Provider finished startup: GMPProvider
1506419139473	addons.manager	DEBUG	Starting provider: PluginProvider
1506419139473	addons.manager	DEBUG	Registering shutdown blocker for PluginProvider
1506419139473	addons.manager	DEBUG	Provider finished startup: PluginProvider
1506419139474	addons.manager	DEBUG	Completed startup sequence
1506419139780	Marionette	INFO	Enabled via --marionette
1506419140163	addons.manager	DEBUG	Starting provider: PreviousExperimentProvider
1506419140163	addons.manager	DEBUG	Registering shutdown blocker for PreviousExperimentProvider
1506419140163	addons.manager	DEBUG	Provider finished startup: PreviousExperimentProvider
1506419140164	DeferredSave.extensions.json	DEBUG	Starting write
1506419140419	DeferredSave.extensions.json	DEBUG	Write succeeded
1506419140419	addons.xpi-utils	DEBUG	XPI Database saved, setting schema version preference to 21
1506419141566	addons.manager	DEBUG	Starting provider: <unnamed-provider>
1506419141566	addons.manager	DEBUG	Registering shutdown blocker for <unnamed-provider>
1506419141567	addons.manager	DEBUG	Provider finished startup: <unnamed-provider>
1506419141569	addons.xpi	INFO	Mapping aushelper@mozilla.org to C:\Program Files (x86)\Mozilla Firefox\browser\features\aushelper@mozilla.org.xpi
1506419141570	addons.xpi	INFO	Mapping clicktoplay-rollout@mozilla.org to C:\Program Files (x86)\Mozilla Firefox\browser\features\clicktoplay-rollout@mozilla.org.xpi
1506419141570	addons.xpi	INFO	Mapping e10srollout@mozilla.org to C:\Program Files (x86)\Mozilla Firefox\browser\features\e10srollout@mozilla.org.xpi
1506419141570	addons.xpi	INFO	Mapping firefox@getpocket.com to C:\Program Files (x86)\Mozilla Firefox\browser\features\firefox@getpocket.com.xpi
1506419141570	addons.xpi	INFO	Mapping followonsearch@mozilla.com to C:\Program Files (x86)\Mozilla Firefox\browser\features\followonsearch@mozilla.com.xpi
1506419141570	addons.xpi	INFO	Mapping screenshots@mozilla.org to C:\Program Files (x86)\Mozilla Firefox\browser\features\screenshots@mozilla.org.xpi
1506419141570	addons.xpi	INFO	Mapping shield-recipe-client@mozilla.org to C:\Program Files (x86)\Mozilla Firefox\browser\features\shield-recipe-client@mozilla.org.xpi
1506419141570	addons.xpi	INFO	Mapping webcompat@mozilla.org to C:\Program Files (x86)\Mozilla Firefox\browser\features\webcompat@mozilla.org.xpi
1506419141570	addons.xpi	DEBUG	Existing add-on aushelper@mozilla.org in app-system-defaults
1506419141571	addons.xpi	DEBUG	Existing add-on clicktoplay-rollout@mozilla.org in app-system-defaults
1506419141571	addons.xpi	DEBUG	Existing add-on e10srollout@mozilla.org in app-system-defaults
1506419141571	addons.xpi	DEBUG	Existing add-on firefox@getpocket.com in app-system-defaults
1506419141571	addons.xpi	DEBUG	Existing add-on followonsearch@mozilla.com in app-system-defaults
1506419141571	addons.xpi	DEBUG	Existing add-on screenshots@mozilla.org in app-system-defaults
1506419141572	addons.xpi	DEBUG	Existing add-on shield-recipe-client@mozilla.org in app-system-defaults
1506419141572	addons.xpi	DEBUG	Existing add-on webcompat@mozilla.org in app-system-defaults
1506419141572	addons.xpi	INFO	Mapping {972ce4c6-7e08-4474-a285-3208198ce6fd} to C:\Program Files (x86)\Mozilla Firefox\browser\extensions\{972ce4c6-7e08-4474-a285-3208198ce6fd}.xpi
1506419141572	addons.xpi	DEBUG	Existing add-on {972ce4c6-7e08-4474-a285-3208198ce6fd} in app-global
1506419141572	addons.xpi	DEBUG	getInstallState changed: false, state: {}
1506419141603	addons.productaddons	INFO	sending request to: https://aus5.mozilla.org/update/3/GMP/55.0.3/20170824053622/WINNT_x86-msvc-x64/zh-CN/release-cck-mozillaonline/Windows_NT%206.1.1.0%20(x64)/MozillaOnline/2017.7/update.xml
1506419142189	Marionette	INFO	Listening on port 55777
1506419142226	Marionette	INFO	Listening on port 55777
1506419142635	Marionette	WARN	TLS certificate errors will be ignored for this session
1506419142672	Marionette	DEBUG	loaded listener.js
1506419142703	Marionette	DEBUG	Received DOM event "beforeunload" for "about:blank"
1506419142766	Marionette	DEBUG	Received DOM event "pagehide" for "about:blank"
1506419142766	Marionette	DEBUG	Received DOM event "unload" for "about:blank"
1506419142982	addons.productaddons	INFO	Completed downloading document
1506419143138	Marionette	DEBUG	Received DOM event "pageshow" for "http://shop.1tai.com/"
1506419143207	Marionette	DEBUG	Received DOM event "DOMContentLoaded" for "http://shop.1tai.com/"
1506419143394	Marionette	DEBUG	Received DOM event "DOMContentLoaded" for "http://bj-trail.ntalker.com/trail/trail/userinfo.php?action=save&url=http%3A%2F%2Fshop.1tai.com%2F&siteid=kf_9065&uid=kf_9065_ISME9754_guest5235C5D6-7D74-83&uname=&device=PC&isvip=0&userlevel=0&cid=guest5235C5D6-7D74-8375-3C74-BD93F1D340E5&sid=1506419143123357&log=1&pageid=1506419143118&etype=pv&edata=&lan=zh-CN&scr=1920*1080&cookie=1&flash=0.0.0.0&sellerid=&ttl=The+ONE%E5%BE%B7%E4%B8%87%E6%99%BA%E8%83%BD%E9%92%A2%E7%90%B4-%E5%AE%98%E6%96%B9%E5%95%86%E5%9F%8E+%E9%83%8E%E6%9C%97%E6%8A%95%E8%B5%84+%E6%99%BA%E8%83%BD%E8%B7%9F%E7%81%AF%E5%BF%AB%E9%80%9F%E5%85%A5%E9%97%A8+-+Powered+by+ECShop"
1506419143396	Marionette	DEBUG	Received DOM event "pageshow" for "http://bj-trail.ntalker.com/trail/trail/userinfo.php?action=save&url=http%3A%2F%2Fshop.1tai.com%2F&siteid=kf_9065&uid=kf_9065_ISME9754_guest5235C5D6-7D74-83&uname=&device=PC&isvip=0&userlevel=0&cid=guest5235C5D6-7D74-8375-3C74-BD93F1D340E5&sid=1506419143123357&log=1&pageid=1506419143118&etype=pv&edata=&lan=zh-CN&scr=1920*1080&cookie=1&flash=0.0.0.0&sellerid=&ttl=The+ONE%E5%BE%B7%E4%B8%87%E6%99%BA%E8%83%BD%E9%92%A2%E7%90%B4-%E5%AE%98%E6%96%B9%E5%95%86%E5%9F%8E+%E9%83%8E%E6%9C%97%E6%8A%95%E8%B5%84+%E6%99%BA%E8%83%BD%E8%B7%9F%E7%81%AF%E5%BF%AB%E9%80%9F%E5%85%A5%E9%97%A8+-+Powered+by+ECShop"
1506419143925	addons.productaddons	INFO	downloadXHR File download. status=200
1506419143936	addons.productaddons	INFO	Downloaded file will be saved to C:\Users\XYZ\AppData\Local\Temp\tmpaddon
1506419144197	Marionette	DEBUG	Received observer notification "outer-window-destroyed" for "4294967301"
1506419145319	Marionette	DEBUG	Received DOM event "pageshow" for "http://shop.1tai.com/"
1506419145495	Marionette	DEBUG	Received DOM event "beforeunload" for "http://shop.1tai.com/"
1506419145533	Marionette	DEBUG	Received DOM event "pagehide" for "http://shop.1tai.com/"
1506419145534	Marionette	DEBUG	Received DOM event "unload" for "http://shop.1tai.com/"
1506419145572	Marionette	DEBUG	Received DOM event "DOMContentLoaded" for "http://shop.1tai.com/user.php"
1506419145676	Marionette	DEBUG	Received DOM event "pageshow" for "http://shop.1tai.com/user.php"
1506419145789	Marionette	DEBUG	Received DOM event "beforeunload" for "http://shop.1tai.com/user.php"
1506419145822	Marionette	DEBUG	Received DOM event "pagehide" for "http://shop.1tai.com/user.php"
1506419145823	Marionette	DEBUG	Received DOM event "unload" for "http://shop.1tai.com/user.php"
1506419145888	Marionette	DEBUG	Received DOM event "pageshow" for "http://shop.1tai.com/user.php"
1506419145892	Marionette	DEBUG	Received DOM event "DOMContentLoaded" for "http://shop.1tai.com/user.php"
1506419146096	Marionette	DEBUG	Received DOM event "DOMContentLoaded" for "http://bj-trail.ntalker.com/trail/trail/userinfo.php?action=save&url=http%3A%2F%2Fshop.1tai.com%2Fuser.php&siteid=kf_9065&uid=kf_9065_ISME9754_guest5235C5D6-7D74-83&uname=&device=PC&isvip=0&userlevel=0&cid=guest5235C5D6-7D74-8375-3C74-BD93F1D340E5&sid=1506419143123357&log=0&pageid=1506419145862&etype=pv&edata=&sellerid=&ttl=%E7%B3%BB%E7%BB%9F%E6%8F%90%E7%A4%BA_The+ONE%E5%BE%B7%E4%B8%87%E6%99%BA%E8%83%BD%E9%92%A2%E7%90%B4-%E5%AE%98%E6%96%B9%E5%95%86%E5%9F%8E+%E9%83%8E%E6%9C%97%E6%8A%95%E8%B5%84+%E6%99%BA%E8%83%BD%E8%B7%9F%E7%81%AF%E5%BF%AB%E9%80%9F%E5%85%A5%E9%97%A8+-+Powered+by+ECShop"
1506419146098	Marionette	DEBUG	Received DOM event "pageshow" for "http://bj-trail.ntalker.com/trail/trail/userinfo.php?action=save&url=http%3A%2F%2Fshop.1tai.com%2Fuser.php&siteid=kf_9065&uid=kf_9065_ISME9754_guest5235C5D6-7D74-83&uname=&device=PC&isvip=0&userlevel=0&cid=guest5235C5D6-7D74-8375-3C74-BD93F1D340E5&sid=1506419143123357&log=0&pageid=1506419145862&etype=pv&edata=&sellerid=&ttl=%E7%B3%BB%E7%BB%9F%E6%8F%90%E7%A4%BA_The+ONE%E5%BE%B7%E4%B8%87%E6%99%BA%E8%83%BD%E9%92%A2%E7%90%B4-%E5%AE%98%E6%96%B9%E5%95%86%E5%9F%8E+%E9%83%8E%E6%9C%97%E6%8A%95%E8%B5%84+%E6%99%BA%E8%83%BD%E8%B7%9F%E7%81%AF%E5%BF%AB%E9%80%9F%E5%85%A5%E9%97%A8+-+Powered+by+ECShop"
1506419146106	Marionette	DEBUG	Received DOM event "pageshow" for "http://shop.1tai.com/user.php"
1506419150186	Marionette	DEBUG	loaded listener.js
1506419153382	Marionette	DEBUG	loaded listener.js
1506419153564	Marionette	DEBUG	Received DOM event "beforeunload" for "http://shop.1tai.com/goods.php?id=7"
1506419153618	Marionette	DEBUG	Received DOM event "pagehide" for "http://shop.1tai.com/goods.php?id=7"
1506419153619	Marionette	DEBUG	Received DOM event "unload" for "http://shop.1tai.com/goods.php?id=7"
JavaScript warning: http://shop.1tai.com/js/shopping_flow.js, line 564: unreachable code after return statement
1506419153697	Marionette	DEBUG	Received DOM event "pageshow" for "http://shop.1tai.com/flow.php?step=cart"
1506419153721	Marionette	DEBUG	Received DOM event "DOMContentLoaded" for "http://shop.1tai.com/flow.php?step=cart"
1506419153840	Marionette	DEBUG	Received DOM event "DOMContentLoaded" for "http://bj-trail.ntalker.com/trail/trail/userinfo.php?action=save&url=http%3A%2F%2Fshop.1tai.com%2Fflow.php%3Fstep%3Dcart&siteid=kf_9065&uid=kf_9065_ISME9754_guest5235C5D6-7D74-83&uname=&device=PC&isvip=0&userlevel=0&cid=guest5235C5D6-7D74-8375-3C74-BD93F1D340E5&sid=1506419143123357&log=1&pageid=1506419153670&etype=pv&edata=&lan=zh-CN&scr=1920*1080&cookie=1&flash=0.0.0.0&sellerid=&ttl=%E8%B4%AD%E7%89%A9%E6%B5%81%E7%A8%8B_The+ONE%E5%BE%B7%E4%B8%87%E6%99%BA%E8%83%BD%E9%92%A2%E7%90%B4-%E5%AE%98%E6%96%B9%E5%95%86%E5%9F%8E+%E9%83%8E%E6%9C%97%E6%8A%95%E8%B5%84+%E6%99%BA%E8%83%BD%E8%B7%9F%E7%81%AF%E5%BF%AB%E9%80%9F%E5%85%A5%E9%97%A8+-+Powered+by+ECShop"
1506419153841	Marionette	DEBUG	Received DOM event "pageshow" for "http://bj-trail.ntalker.com/trail/trail/userinfo.php?action=save&url=http%3A%2F%2Fshop.1tai.com%2Fflow.php%3Fstep%3Dcart&siteid=kf_9065&uid=kf_9065_ISME9754_guest5235C5D6-7D74-83&uname=&device=PC&isvip=0&userlevel=0&cid=guest5235C5D6-7D74-8375-3C74-BD93F1D340E5&sid=1506419143123357&log=1&pageid=1506419153670&etype=pv&edata=&lan=zh-CN&scr=1920*1080&cookie=1&flash=0.0.0.0&sellerid=&ttl=%E8%B4%AD%E7%89%A9%E6%B5%81%E7%A8%8B_The+ONE%E5%BE%B7%E4%B8%87%E6%99%BA%E8%83%BD%E9%92%A2%E7%90%B4-%E5%AE%98%E6%96%B9%E5%95%86%E5%9F%8E+%E9%83%8E%E6%9C%97%E6%8A%95%E8%B5%84+%E6%99%BA%E8%83%BD%E8%B7%9F%E7%81%AF%E5%BF%AB%E9%80%9F%E5%85%A5%E9%97%A8+-+Powered+by+ECShop"
1506419153842	Marionette	DEBUG	Received DOM event "pageshow" for "http://shop.1tai.com/flow.php?step=cart"
1506419156935	Marionette	DEBUG	Received DOM event "beforeunload" for "http://shop.1tai.com/flow.php?step=cart"
1506419156986	Marionette	DEBUG	Received DOM event "pagehide" for "http://shop.1tai.com/flow.php?step=cart"
1506419156986	Marionette	DEBUG	Received DOM event "unload" for "http://shop.1tai.com/flow.php?step=cart"
JavaScript warning: http://shop.1tai.com/js/shopping_flow.js, line 564: unreachable code after return statement
1506419157069	Marionette	DEBUG	Received DOM event "pageshow" for "http://shop.1tai.com/flow.php?step=checkout"
1506419157074	Marionette	DEBUG	Received DOM event "DOMContentLoaded" for "http://shop.1tai.com/flow.php?step=checkout"
1506419157224	Marionette	DEBUG	Received DOM event "DOMContentLoaded" for "http://bj-trail.ntalker.com/trail/trail/userinfo.php?action=save&url=http%3A%2F%2Fshop.1tai.com%2Fflow.php%3Fstep%3Dcheckout&siteid=kf_9065&uid=kf_9065_ISME9754_guest5235C5D6-7D74-83&uname=&device=PC&isvip=0&userlevel=0&cid=guest5235C5D6-7D74-8375-3C74-BD93F1D340E5&sid=1506419143123357&log=0&pageid=1506419157034&etype=pv&edata=&sellerid=&ttl=%E8%B4%AD%E7%89%A9%E6%B5%81%E7%A8%8B_The+ONE%E5%BE%B7%E4%B8%87%E6%99%BA%E8%83%BD%E9%92%A2%E7%90%B4-%E5%AE%98%E6%96%B9%E5%95%86%E5%9F%8E+%E9%83%8E%E6%9C%97%E6%8A%95%E8%B5%84+%E6%99%BA%E8%83%BD%E8%B7%9F%E7%81%AF%E5%BF%AB%E9%80%9F%E5%85%A5%E9%97%A8+-+Powered+by+ECShop"
1506419157226	Marionette	DEBUG	Received DOM event "pageshow" for "http://bj-trail.ntalker.com/trail/trail/userinfo.php?action=save&url=http%3A%2F%2Fshop.1tai.com%2Fflow.php%3Fstep%3Dcheckout&siteid=kf_9065&uid=kf_9065_ISME9754_guest5235C5D6-7D74-83&uname=&device=PC&isvip=0&userlevel=0&cid=guest5235C5D6-7D74-8375-3C74-BD93F1D340E5&sid=1506419143123357&log=0&pageid=1506419157034&etype=pv&edata=&sellerid=&ttl=%E8%B4%AD%E7%89%A9%E6%B5%81%E7%A8%8B_The+ONE%E5%BE%B7%E4%B8%87%E6%99%BA%E8%83%BD%E9%92%A2%E7%90%B4-%E5%AE%98%E6%96%B9%E5%95%86%E5%9F%8E+%E9%83%8E%E6%9C%97%E6%8A%95%E8%B5%84+%E6%99%BA%E8%83%BD%E8%B7%9F%E7%81%AF%E5%BF%AB%E9%80%9F%E5%85%A5%E9%97%A8+-+Powered+by+ECShop"
1506419157227	Marionette	DEBUG	Received DOM event "pageshow" for "http://shop.1tai.com/flow.php?step=checkout"
JavaScript warning: http://shop.1tai.com/js/shopping_flow.js, line 564: unreachable code after return statement
1506419157322	Marionette	DEBUG	Received DOM event "beforeunload" for "http://shop.1tai.com/flow.php?step=checkout"
1506419157441	Marionette	DEBUG	Received DOM event "pagehide" for "http://shop.1tai.com/flow.php?step=checkout"
1506419157442	Marionette	DEBUG	Received DOM event "unload" for "http://shop.1tai.com/flow.php?step=checkout"
JavaScript warning: http://shop.1tai.com/js/shopping_flow.js, line 564: unreachable code after return statement
1506419157515	Marionette	DEBUG	Received DOM event "pageshow" for "http://shop.1tai.com/flow.php?step=done"
1506419157523	Marionette	DEBUG	Received DOM event "DOMContentLoaded" for "http://shop.1tai.com/flow.php?step=done"
1506419157535	Marionette	DEBUG	Received observer notification "outer-window-destroyed" for "4294967330"
1506419157557	Marionette	DEBUG	Received DOM event "DOMContentLoaded" for "http://bj-trail.ntalker.com/trail/trail/userinfo.php?action=save&url=http%3A%2F%2Fshop.1tai.com%2Fflow.php%3Fstep%3Ddone&siteid=kf_9065&uid=kf_9065_ISME9754_guest5235C5D6-7D74-83&uname=&device=PC&isvip=0&userlevel=0&cid=guest5235C5D6-7D74-8375-3C74-BD93F1D340E5&sid=1506419143123357&log=0&pageid=1506419157490&etype=pv&edata=&sellerid=&ttl=%E8%B4%AD%E7%89%A9%E6%B5%81%E7%A8%8B_The+ONE%E5%BE%B7%E4%B8%87%E6%99%BA%E8%83%BD%E9%92%A2%E7%90%B4-%E5%AE%98%E6%96%B9%E5%95%86%E5%9F%8E+%E9%83%8E%E6%9C%97%E6%8A%95%E8%B5%84+%E6%99%BA%E8%83%BD%E8%B7%9F%E7%81%AF%E5%BF%AB%E9%80%9F%E5%85%A5%E9%97%A8+-+Powered+by+ECShop"
1506419157558	Marionette	DEBUG	Received DOM event "pageshow" for "http://bj-trail.ntalker.com/trail/trail/userinfo.php?action=save&url=http%3A%2F%2Fshop.1tai.com%2Fflow.php%3Fstep%3Ddone&siteid=kf_9065&uid=kf_9065_ISME9754_guest5235C5D6-7D74-83&uname=&device=PC&isvip=0&userlevel=0&cid=guest5235C5D6-7D74-8375-3C74-BD93F1D340E5&sid=1506419143123357&log=0&pageid=1506419157490&etype=pv&edata=&sellerid=&ttl=%E8%B4%AD%E7%89%A9%E6%B5%81%E7%A8%8B_The+ONE%E5%BE%B7%E4%B8%87%E6%99%BA%E8%83%BD%E9%92%A2%E7%90%B4-%E5%AE%98%E6%96%B9%E5%95%86%E5%9F%8E+%E9%83%8E%E6%9C%97%E6%8A%95%E8%B5%84+%E6%99%BA%E8%83%BD%E8%B7%9F%E7%81%AF%E5%BF%AB%E9%80%9F%E5%85%A5%E9%97%A8+-+Powered+by+ECShop"
1506419157598	Marionette	DEBUG	Received DOM event "pageshow" for "http://shop.1tai.com/flow.php?step=done"
1506419158038	Marionette	DEBUG	Canceled page load listener because no navigation has been detected
1506419161361	Marionette	DEBUG	loaded listener.js
1506419163562	Marionette	DEBUG	Received DOM event "beforeunload" for "https://excashier.alipay.com/standard/auth.htm?payOrderId=ae2557b2e5054f35944bc0d4c2b4c5cb.20"
1506419163684	Marionette	DEBUG	Received DOM event "pagehide" for "https://excashier.alipay.com/standard/auth.htm?payOrderId=ae2557b2e5054f35944bc0d4c2b4c5cb.20"
1506419163690	Marionette	DEBUG	Received DOM event "unload" for "https://excashier.alipay.com/standard/auth.htm?payOrderId=ae2557b2e5054f35944bc0d4c2b4c5cb.20"
[Parent 16056] WARNING: pipe error: 109: file c:/builds/moz2_slave/m-rel-w32-00000000000000000000/build/src/ipc/chromium/src/chrome/common/ipc_channel_win.cc, line 346
1506419163782	Marionette	DEBUG	Received DOM event "pageshow" for "http://shop.1tai.com/user.php?act=order_list"
1506419163787	Marionette	DEBUG	Received DOM event "DOMContentLoaded" for "http://shop.1tai.com/user.php?act=order_list"
1506419163811	Marionette	DEBUG	Received observer notification "outer-window-destroyed" for "4294967341"
1506419163812	Marionette	DEBUG	Received observer notification "outer-window-destroyed" for "4294967343"
1506419163812	Marionette	DEBUG	Received observer notification "outer-window-destroyed" for "4294967345"
1506419163959	Marionette	DEBUG	Received DOM event "DOMContentLoaded" for "http://bj-trail.ntalker.com/trail/trail/userinfo.php?action=save&url=http%3A%2F%2Fshop.1tai.com%2Fuser.php%3Fact%3Dorder_list&siteid=kf_9065&uid=kf_9065_ISME9754_guest5235C5D6-7D74-83&uname=&device=PC&isvip=0&userlevel=0&cid=guest5235C5D6-7D74-8375-3C74-BD93F1D340E5&sid=1506419143123357&log=1&pageid=1506419163749&etype=pv&edata=&lan=zh-CN&scr=1920*1080&cookie=1&flash=0.0.0.0&sellerid=&ttl=%E7%94%A8%E6%88%B7%E4%B8%AD%E5%BF%83_The+ONE%E5%BE%B7%E4%B8%87%E6%99%BA%E8%83%BD%E9%92%A2%E7%90%B4-%E5%AE%98%E6%96%B9%E5%95%86%E5%9F%8E+%E9%83%8E%E6%9C%97%E6%8A%95%E8%B5%84+%E6%99%BA%E8%83%BD%E8%B7%9F%E7%81%AF%E5%BF%AB%E9%80%9F%E5%85%A5%E9%97%A8+-+Powered+by+ECShop"
1506419163961	Marionette	DEBUG	Received DOM event "pageshow" for "http://bj-trail.ntalker.com/trail/trail/userinfo.php?action=save&url=http%3A%2F%2Fshop.1tai.com%2Fuser.php%3Fact%3Dorder_list&siteid=kf_9065&uid=kf_9065_ISME9754_guest5235C5D6-7D74-83&uname=&device=PC&isvip=0&userlevel=0&cid=guest5235C5D6-7D74-8375-3C74-BD93F1D340E5&sid=1506419143123357&log=1&pageid=1506419163749&etype=pv&edata=&lan=zh-CN&scr=1920*1080&cookie=1&flash=0.0.0.0&sellerid=&ttl=%E7%94%A8%E6%88%B7%E4%B8%AD%E5%BF%83_The+ONE%E5%BE%B7%E4%B8%87%E6%99%BA%E8%83%BD%E9%92%A2%E7%90%B4-%E5%AE%98%E6%96%B9%E5%95%86%E5%9F%8E+%E9%83%8E%E6%9C%97%E6%8A%95%E8%B5%84+%E6%99%BA%E8%83%BD%E8%B7%9F%E7%81%AF%E5%BF%AB%E9%80%9F%E5%85%A5%E9%97%A8+-+Powered+by+ECShop"
1506419163963	Marionette	DEBUG	Received DOM event "pageshow" for "http://shop.1tai.com/user.php?act=order_list"
1506419166298	Marionette	DEBUG	Canceled page load listener because no navigation has been detected
1506419167383	addons.productaddons	WARN	Failed downloading via XHR, status: 0, reason: error
1506419169081	Marionette	INFO	New connections will no longer be accepted
1506419169104	addons.xpi	DEBUG	Calling bootstrap method shutdown on webcompat@mozilla.org version 1.1
1506419169104	addons.xpi	DEBUG	Calling bootstrap method shutdown on shield-recipe-client@mozilla.org version 55.1
1506419169107	addons.xpi	DEBUG	Calling bootstrap method shutdown on screenshots@mozilla.org version 10.12.0
1506419169108	addons.xpi	DEBUG	Calling bootstrap method shutdown on followonsearch@mozilla.com version 0.9.1
1506419169108	addons.xpi	DEBUG	Calling bootstrap method shutdown on firefox@getpocket.com version 1.0.5
1506419169108	addons.xpi	DEBUG	Calling bootstrap method shutdown on e10srollout@mozilla.org version 2.0
1506419169109	addons.xpi	DEBUG	Calling bootstrap method shutdown on clicktoplay-rollout@mozilla.org version 1.2
1506419169109	addons.xpi	DEBUG	Calling bootstrap method shutdown on aushelper@mozilla.org version 2.0
