2019-08-06 11:50:47,179 5-12.Python12.py[line:36] INFO start run app......
2019-08-06 16:14:00,507 desired_caps.py[line:37] INFO start run app......
2019-08-06 16:14:29,760 common_fun.py[line:16] INFO =====check_cancelBtn=====
2019-08-06 16:14:30,004 common_fun.py[line:23] INFO click cancelBtn
2019-08-06 16:14:30,400 common_fun.py[line:27] INFO =====check_skipBtn=====
2019-08-06 16:14:30,926 common_fun.py[line:33] INFO click skipBtn
2019-08-06 17:59:10,289 desired_caps.py[line:37] INFO start run app......
2019-08-06 17:59:31,760 common_fun.py[line:16] INFO =====check_cancelBtn=====
2019-08-06 17:59:32,726 common_fun.py[line:23] INFO click cancelBtn
2019-08-06 17:59:33,014 common_fun.py[line:27] INFO =====check_skipBtn=====
2019-08-06 17:59:33,546 common_fun.py[line:33] INFO click skipBtn
2019-08-06 17:59:33,917 5-14.Python14.py[line:20] INFO =====login=====
2019-08-06 17:59:33,917 5-14.Python14.py[line:21] INFO input username:≤‚ ‘666
2019-08-06 17:59:39,268 5-14.Python14.py[line:24] INFO input password:jzy123456
2019-08-06 17:59:44,472 5-14.Python14.py[line:27] INFO click loginBtn
2019-08-06 17:59:45,128 5-14.Python14.py[line:29] INFO login finished
2019-08-07 11:02:19,679 desired_caps.py[line:37] INFO start run app......
2019-08-07 11:02:45,057 common_fun.py[line:16] INFO =====check_cancelBtn=====
2019-08-07 11:02:45,688 common_fun.py[line:23] INFO click cancelBtn
2019-08-07 11:02:46,026 common_fun.py[line:27] INFO =====check_skipBtn=====
2019-08-07 11:02:46,659 common_fun.py[line:33] INFO click skipBtn
2019-08-07 11:02:47,146 5-14.Python14.py[line:23] INFO =====login=====
2019-08-07 11:02:47,147 5-14.Python14.py[line:24] INFO input username:≤‚ ‘666
2019-08-07 11:02:52,591 5-14.Python14.py[line:27] INFO input password:jzy123456
2019-08-07 11:02:57,845 5-14.Python14.py[line:30] INFO click loginBtn
2019-08-07 11:02:58,523 5-14.Python14.py[line:32] INFO login finished
2019-08-07 15:59:53,681 desired_caps.py[line:37] INFO start run app......
2019-08-07 16:00:15,514 common_fun.py[line:16] INFO =====check_cancelBtn=====
2019-08-07 16:00:17,625 common_fun.py[line:23] INFO click cancelBtn
2019-08-07 16:00:18,502 common_fun.py[line:27] INFO =====check_skipBtn=====
2019-08-07 16:00:19,033 common_fun.py[line:33] INFO click skipBtn
2019-08-07 16:00:19,458 loginView.py[line:23] INFO =====login=====
2019-08-07 16:00:19,458 loginView.py[line:24] INFO input username:≤‚ ‘666
2019-08-07 16:00:24,835 loginView.py[line:27] INFO input password:jzy123456
2019-08-07 16:00:30,006 loginView.py[line:30] INFO click loginBtn
2019-08-07 16:00:30,657 loginView.py[line:32] INFO login finished
2019-08-07 16:06:16,443 desired_caps.py[line:37] INFO start run app......
2019-08-07 16:06:33,785 common_fun.py[line:16] INFO =====check_cancelBtn=====
2019-08-07 16:06:34,339 common_fun.py[line:23] INFO click cancelBtn
2019-08-07 16:06:34,638 common_fun.py[line:27] INFO =====check_skipBtn=====
2019-08-07 16:06:35,178 common_fun.py[line:33] INFO click skipBtn
2019-08-07 16:06:35,583 loginView.py[line:23] INFO =====login=====
2019-08-07 16:06:35,583 loginView.py[line:24] INFO input username:≤‚ ‘666
2019-08-07 16:06:40,865 loginView.py[line:27] INFO input password:jzy123456
2019-08-07 16:06:46,000 loginView.py[line:30] INFO click loginBtn
2019-08-07 16:06:46,723 loginView.py[line:32] INFO login finished
2019-08-07 18:48:13,693 desired_caps.py[line:37] INFO start run app......
2019-08-07 18:48:37,044 common_fun.py[line:16] INFO =====check_cancelBtn=====
2019-08-07 18:48:37,148 common_fun.py[line:23] INFO click cancelBtn
2019-08-07 18:48:38,194 common_fun.py[line:27] INFO =====check_skipBtn=====
2019-08-07 18:48:38,541 common_fun.py[line:33] INFO click skipBtn
2019-08-07 18:48:38,893 loginView.py[line:23] INFO =====login=====
2019-08-07 18:48:38,893 loginView.py[line:24] INFO input username:≤‚ ‘666
2019-08-07 18:48:44,230 loginView.py[line:27] INFO input password:jzy123456
2019-08-07 18:48:49,497 loginView.py[line:30] INFO click loginBtn
2019-08-07 18:48:50,193 loginView.py[line:32] INFO login finished
2019-08-08 15:56:07,461 desired_caps.py[line:37] INFO start run app......
2019-08-08 15:56:35,040 common_fun.py[line:16] INFO =====check_cancelBtn=====
2019-08-08 15:56:36,508 common_fun.py[line:23] INFO click cancelBtn
2019-08-08 15:56:37,389 common_fun.py[line:27] INFO =====check_skipBtn=====
2019-08-08 15:56:37,964 common_fun.py[line:33] INFO click skipBtn
2019-08-08 15:56:38,270 loginView.py[line:23] INFO =====login=====
2019-08-08 15:56:38,271 loginView.py[line:24] INFO input username:≤‚ ‘666
2019-08-08 15:56:43,680 loginView.py[line:27] INFO input password:jzy123456
2019-08-08 15:56:48,831 loginView.py[line:30] INFO click loginBtn
2019-08-08 15:56:49,470 loginView.py[line:32] INFO login finished
2019-08-08 15:57:40,425 desired_caps.py[line:37] INFO start run app......
2019-08-08 15:58:01,405 common_fun.py[line:16] INFO =====check_cancelBtn=====
2019-08-08 15:58:01,967 common_fun.py[line:23] INFO click cancelBtn
2019-08-08 15:58:02,323 common_fun.py[line:27] INFO =====check_skipBtn=====
2019-08-08 15:58:02,854 common_fun.py[line:33] INFO click skipBtn
2019-08-08 15:58:34,057 desired_caps.py[line:37] INFO start run app......
2019-08-11 13:30:42,556 desired_caps.py[line:37] INFO start run app......
2019-08-11 13:31:51,458 desired_caps.py[line:37] INFO start run app......
2019-08-11 13:32:13,385 common_fun.py[line:16] INFO =====check_cancelBtn=====
2019-08-11 13:32:14,217 common_fun.py[line:23] INFO click cancelBtn
2019-08-11 13:32:14,517 common_fun.py[line:27] INFO =====check_skipBtn=====
2019-08-11 13:32:15,050 common_fun.py[line:33] INFO click skipBtn
2019-08-11 13:32:15,363 loginView.py[line:23] INFO =====login=====
2019-08-11 13:32:15,363 loginView.py[line:24] INFO input username:≤‚ ‘666
2019-08-11 13:32:20,664 loginView.py[line:27] INFO input password:jzy123456
2019-08-11 13:32:25,812 loginView.py[line:30] INFO click loginBtn
2019-08-11 13:32:26,449 loginView.py[line:32] INFO login finished
2019-08-12 09:30:27,567 desired_caps.py[line:37] INFO start run app......
2019-08-12 09:30:47,896 common_fun.py[line:16] INFO =====check_cancelBtn=====
2019-08-12 09:30:51,010 common_fun.py[line:23] INFO click cancelBtn
2019-08-12 09:30:51,364 common_fun.py[line:27] INFO =====check_skipBtn=====
2019-08-12 09:30:51,891 common_fun.py[line:33] INFO click skipBtn
2019-08-12 09:30:52,246 loginView.py[line:23] INFO =====login=====
2019-08-12 09:30:52,247 loginView.py[line:24] INFO input username:≤‚ ‘666
2019-08-12 09:30:57,647 loginView.py[line:27] INFO input password:jzy123456
2019-08-12 09:31:02,914 loginView.py[line:30] INFO click loginBtn
2019-08-12 09:31:03,631 loginView.py[line:32] INFO login finished
2019-08-12 11:38:35,242 desired_caps.py[line:37] INFO start run app......
2019-08-12 11:38:53,111 common_fun.py[line:16] INFO =====check_cancelBtn=====
2019-08-12 11:38:53,686 common_fun.py[line:23] INFO click cancelBtn
2019-08-12 11:38:54,001 common_fun.py[line:27] INFO =====check_skipBtn=====
2019-08-12 11:38:54,535 common_fun.py[line:33] INFO click skipBtn
2019-08-12 11:39:19,626 desired_caps.py[line:37] INFO start run app......
2019-08-12 11:48:14,081 desired_caps.py[line:37] INFO start run app......
2019-08-12 11:50:35,130 desired_caps.py[line:37] INFO start run app......
2019-08-12 11:50:54,283 common_fun.py[line:16] INFO =====check_cancelBtn=====
2019-08-12 11:50:54,738 common_fun.py[line:23] INFO click cancelBtn
2019-08-12 11:50:55,082 common_fun.py[line:27] INFO =====check_skipBtn=====
2019-08-12 11:50:55,619 common_fun.py[line:33] INFO click skipBtn
2019-08-12 11:52:51,799 desired_caps.py[line:37] INFO start run app......
2019-08-12 11:53:10,321 common_fun.py[line:16] INFO =====check_cancelBtn=====
2019-08-12 11:53:11,063 common_fun.py[line:23] INFO click cancelBtn
2019-08-12 11:53:11,356 common_fun.py[line:27] INFO =====check_skipBtn=====
2019-08-12 11:53:11,882 common_fun.py[line:33] INFO click skipBtn
2019-08-12 11:53:12,168 loginView.py[line:23] INFO =====login=====
2019-08-12 11:53:12,168 loginView.py[line:24] INFO input username:≤‚ ‘666
2019-08-12 11:53:17,449 loginView.py[line:27] INFO input password:jzy123456
2019-08-12 11:53:22,617 loginView.py[line:30] INFO click loginBtn
2019-08-12 11:53:23,290 loginView.py[line:32] INFO login finished
